<?xml version="1.0" encoding="UTF-8"?>
<coverage generated="1776477812571" clover="3.2.0">
  <project timestamp="1776477812571" name="All files">
    <metrics statements="14" coveredstatements="14" conditionals="0" coveredconditionals="0" methods="7" coveredmethods="7" elements="21" coveredelements="21" complexity="0" loc="14" ncloc="14" packages="1" files="2" classes="2"/>
    <file name="novasfuncionalidades.js" path="C:\Users\Lucas\Documents\atividades\projeto_com_jest\calculadora\novasfuncionalidades.js">
      <metrics statements="6" coveredstatements="6" conditionals="0" coveredconditionals="0" methods="3" coveredmethods="3"/>
      <line num="2" count="1" type="stmt"/>
      <line num="3" count="1" type="stmt"/>
      <line num="7" count="1" type="stmt"/>
      <line num="8" count="1" type="stmt"/>
      <line num="12" count="1" type="stmt"/>
      <line num="13" count="1" type="stmt"/>
    </file>
    <file name="operacoes.js" path="C:\Users\Lucas\Documents\atividades\projeto_com_jest\calculadora\operacoes.js">
      <metrics statements="8" coveredstatements="8" conditionals="0" coveredconditionals="0" methods="4" coveredmethods="4"/>
      <line num="3" count="1" type="stmt"/>
      <line num="4" count="1" type="stmt"/>
      <line num="8" count="1" type="stmt"/>
      <line num="9" count="1" type="stmt"/>
      <line num="13" count="1" type="stmt"/>
      <line num="14" count="1" type="stmt"/>
      <line num="18" count="1" type="stmt"/>
      <line num="19" count="1" type="stmt"/>
    </file>
  </project>
</coverage>
