TN:
SF:calculadora\novasfuncionalidades.js
FN:1,quadrado
FN:6,areaTriangulo
FN:11,porcentagem
FNF:3
FNH:3
FNDA:1,quadrado
FNDA:1,areaTriangulo
FNDA:1,porcentagem
DA:2,1
DA:3,1
DA:7,1
DA:8,1
DA:12,1
DA:13,1
LF:6
LH:6
BRF:0
BRH:0
end_of_record
TN:
SF:calculadora\operacoes.js
FN:2,somar
FN:7,subtrair
FN:12,multiplicar
FN:17,dividir
FNF:4
FNH:4
FNDA:1,somar
FNDA:1,subtrair
FNDA:1,multiplicar
FNDA:1,dividir
DA:3,1
DA:4,1
DA:8,1
DA:9,1
DA:13,1
DA:14,1
DA:18,1
DA:19,1
LF:8
LH:8
BRF:0
BRH:0
end_of_record
